# JRE version: OpenJDK Runtime Environment Temurin-21.0.8+9 (21.0.8+9) (build 21.0.8+9-LTS)
# Java VM: OpenJDK 64-Bit Server VM Temurin-21.0.8+9 (21.0.8+9-LTS, mixed mode, tiered, compressed oops, compressed class ptrs, g1 gc, windows-amd64)
GC Precious Log:
 CardTable entry size: 512
 Card Set container configuration: InlinePtr #cards 4 size 8 Array Of Cards #cards 16 size 48 Howl #buckets 8 coarsen threshold 3686 Howl Bitmap #cards 512 size 80 coarsen threshold 460 Card regions per heap region 1 cards per card region 4096
 CPUs: 8 total, 8 available
 Memory: 16221M
 Large Page Support: Disabled
 NUMA Support: Disabled
 Compressed Oops: Enabled (Zero based)
 Heap Region Size: 2M
 Heap Min Capacity: 8M
 Heap Initial Capacity: 254M
 Heap Max Capacity: 4056M
 Pre-touch: Disabled
 Parallel Workers: 8
 Concurrent Workers: 2
 Concurrent Refinement Workers: 8
 Periodic GC: Disabled
Heap:
 garbage-first heap   total 485376K, used 383852K [0x0000000702800000, 0x0000000800000000)
  region size 2048K, 85 young (174080K), 3 survivors (6144K)
 Metaspace       used 109763K, committed 111296K, reserved 1179648K
  class space    used 12163K, committed 12864K, reserved 1048576K
GC Heap History (20 events):
Event: 2315.493 GC heap before
{Heap before GC invocations=71 (full 0):
 garbage-first heap   total 485376K, used 431366K [0x0000000702800000, 0x0000000800000000)
  region size 2048K, 106 young (217088K), 3 survivors (6144K)
 Metaspace       used 108729K, committed 110080K, reserved 1179648K
  class space    used 12167K, committed 12800K, reserved 1048576K
}
Event: 2315.495 GC heap after
{Heap after GC invocations=72 (full 0):
 garbage-first heap   total 485376K, used 226504K [0x0000000702800000, 0x0000000800000000)
  region size 2048K, 5 young (10240K), 5 survivors (10240K)
 Metaspace       used 108729K, committed 110080K, reserved 1179648K
  class space    used 12167K, committed 12800K, reserved 1048576K
}
Event: 2316.233 GC heap before
{Heap before GC invocations=72 (full 0):
 garbage-first heap   total 485376K, used 437448K [0x0000000702800000, 0x0000000800000000)
  region size 2048K, 109 young (223232K), 5 survivors (10240K)
 Metaspace       used 108771K, committed 110208K, reserved 1179648K
  class space    used 12167K, committed 12800K, reserved 1048576K
}
Event: 2316.237 GC heap after
{Heap after GC invocations=73 (full 0):
 garbage-first heap   total 485376K, used 223993K [0x0000000702800000, 0x0000000800000000)
  region size 2048K, 4 young (8192K), 4 survivors (8192K)
 Metaspace       used 108771K, committed 110208K, reserved 1179648K
  class space    used 12167K, committed 12800K, reserved 1048576K
}
Event: 2323.164 GC heap before
{Heap before GC invocations=73 (full 0):
 garbage-first heap   total 485376K, used 445177K [0x0000000702800000, 0x0000000800000000)
  region size 2048K, 112 young (229376K), 4 survivors (8192K)
 Metaspace       used 108919K, committed 110272K, reserved 1179648K
  class space    used 12175K, committed 12800K, reserved 1048576K
}
Event: 2323.169 GC heap after
{Heap after GC invocations=74 (full 0):
 garbage-first heap   total 485376K, used 220126K [0x0000000702800000, 0x0000000800000000)
  region size 2048K, 3 young (6144K), 3 survivors (6144K)
 Metaspace       used 108919K, committed 110272K, reserved 1179648K
  class space    used 12175K, committed 12800K, reserved 1048576K
}
Event: 2340.197 GC heap before
{Heap before GC invocations=75 (full 0):
 garbage-first heap   total 485376K, used 449502K [0x0000000702800000, 0x0000000800000000)
  region size 2048K, 115 young (235520K), 3 survivors (6144K)
 Metaspace       used 108973K, committed 110400K, reserved 1179648K
  class space    used 12175K, committed 12800K, reserved 1048576K
}
Event: 2340.199 GC heap after
{Heap after GC invocations=76 (full 0):
 garbage-first heap   total 485376K, used 219812K [0x0000000702800000, 0x0000000800000000)
  region size 2048K, 2 young (4096K), 2 survivors (4096K)
 Metaspace       used 108973K, committed 110400K, reserved 1179648K
  class space    used 12175K, committed 12800K, reserved 1048576K
}
Event: 2342.385 GC heap before
{Heap before GC invocations=76 (full 0):
 garbage-first heap   total 485376K, used 451236K [0x0000000702800000, 0x0000000800000000)
  region size 2048K, 116 young (237568K), 2 survivors (4096K)
 Metaspace       used 109157K, committed 110592K, reserved 1179648K
  class space    used 12182K, committed 12800K, reserved 1048576K
}
Event: 2342.390 GC heap after
{Heap after GC invocations=77 (full 0):
 garbage-first heap   total 485376K, used 221135K [0x0000000702800000, 0x0000000800000000)
  region size 2048K, 4 young (8192K), 4 survivors (8192K)
 Metaspace       used 109157K, committed 110592K, reserved 1179648K
  class space    used 12182K, committed 12800K, reserved 1048576K
}
Event: 2343.595 GC heap before
{Heap before GC invocations=77 (full 0):
 garbage-first heap   total 485376K, used 446415K [0x0000000702800000, 0x0000000800000000)
  region size 2048K, 115 young (235520K), 4 survivors (8192K)
 Metaspace       used 109311K, committed 110720K, reserved 1179648K
  class space    used 12185K, committed 12800K, reserved 1048576K
}
Event: 2343.599 GC heap after
{Heap after GC invocations=78 (full 0):
 garbage-first heap   total 485376K, used 219252K [0x0000000702800000, 0x0000000800000000)
  region size 2048K, 3 young (6144K), 3 survivors (6144K)
 Metaspace       used 109311K, committed 110720K, reserved 1179648K
  class space    used 12185K, committed 12800K, reserved 1048576K
}
Event: 5270.713 GC heap before
{Heap before GC invocations=79 (full 0):
 garbage-first heap   total 485376K, used 448628K [0x0000000702800000, 0x0000000800000000)
  region size 2048K, 116 young (237568K), 3 survivors (6144K)
 Metaspace       used 109341K, committed 110720K, reserved 1179648K
  class space    used 12186K, committed 12800K, reserved 1048576K
}
Event: 5270.753 GC heap after
{Heap after GC invocations=80 (full 0):
 garbage-first heap   total 485376K, used 218652K [0x0000000702800000, 0x0000000800000000)
  region size 2048K, 3 young (6144K), 3 survivors (6144K)
 Metaspace       used 109341K, committed 110720K, reserved 1179648K
  class space    used 12186K, committed 12800K, reserved 1048576K
}
Event: 5277.669 GC heap before
{Heap before GC invocations=80 (full 0):
 garbage-first heap   total 485376K, used 448028K [0x0000000702800000, 0x0000000800000000)
  region size 2048K, 116 young (237568K), 3 survivors (6144K)
 Metaspace       used 109602K, committed 111040K, reserved 1179648K
  class space    used 12196K, committed 12864K, reserved 1048576K
}
Event: 5277.679 GC heap after
{Heap after GC invocations=81 (full 0):
 garbage-first heap   total 485376K, used 220487K [0x0000000702800000, 0x0000000800000000)
  region size 2048K, 4 young (8192K), 4 survivors (8192K)
 Metaspace       used 109602K, committed 111040K, reserved 1179648K
  class space    used 12196K, committed 12864K, reserved 1048576K
}
Event: 5278.742 GC heap before
{Heap before GC invocations=81 (full 0):
 garbage-first heap   total 485376K, used 447815K [0x0000000702800000, 0x0000000800000000)
  region size 2048K, 116 young (237568K), 4 survivors (8192K)
 Metaspace       used 109722K, committed 111168K, reserved 1179648K
  class space    used 12197K, committed 12864K, reserved 1048576K
}
Event: 5278.747 GC heap after
{Heap after GC invocations=82 (full 0):
 garbage-first heap   total 485376K, used 220683K [0x0000000702800000, 0x0000000800000000)
  region size 2048K, 4 young (8192K), 4 survivors (8192K)
 Metaspace       used 109722K, committed 111168K, reserved 1179648K
  class space    used 12197K, committed 12864K, reserved 1048576K
}
Event: 5286.920 GC heap before
{Heap before GC invocations=83 (full 0):
 garbage-first heap   total 485376K, used 450059K [0x0000000702800000, 0x0000000800000000)
  region size 2048K, 116 young (237568K), 4 survivors (8192K)
 Metaspace       used 109453K, committed 111232K, reserved 1179648K
  class space    used 12116K, committed 12864K, reserved 1048576K
}
Event: 5286.929 GC heap after
{Heap after GC invocations=84 (full 0):
 garbage-first heap   total 485376K, used 217964K [0x0000000702800000, 0x0000000800000000)
  region size 2048K, 3 young (6144K), 3 survivors (6144K)
 Metaspace       used 109453K, committed 111232K, reserved 1179648K
  class space    used 12116K, committed 12864K, reserved 1048576K
}

